[www.kothunlocks.xyz/index.html]
[backblue.gif]
[fade.gif]
[index.html]
[www.kothunlocks.xyz/img/logo.png]
[www.kothunlocks.xyz/css/main.css]
[www.kothunlocks.xyz/css/main_mobile.css]
[ajax.googleapis.com/ajax/libs/jquery/3.5.1/jquery.min.js]
[www.kothunlocks.xyz/index-2.html]
[www.kothunlocks.xyz/img/cart.png]
[cdnjs.cloudflare.com/ajax/libs/gsap/3.7.1/gsap.min.js]
[cdn.sellix.io/static/js/embed.js]
[cdnjs.cloudflare.com/ajax/libs/gsap/3.7.1/ScrollTrigger.min.js]
[www.kothunlocks.xyz/index.html]
[www.kothunlocks.xyz/js/main.js]
[www.kothunlocks.xyz/css/top.png]
[www.kothunlocks.xyz/css/bottom.png]
[www.kothunlocks.xyz/css/main.css]
[www.kothunlocks.xyz/css/main_mobile.css]
[www.kothunlocks.xyz/index-2.html]
[www.kothunlocks.xyz/img/check.svg]
[www.kothunlocks.xyz/img/cross.svg]
